<?xml version="1.0" encoding="UTF-8"?>
<!-- Generated by org.testng.reporters.JUnitReportReporter -->
<testsuite hostname="MSI" failures="0" tests="2" name="com.saucedemo.tests.InventoryTest" time="6.098" errors="0" timestamp="2026-05-28T17:29:51 IST" skipped="0">
  <testcase classname="com.saucedemo.tests.InventoryTest" name="testInventoryDisplaysSixProducts" time="2.451"/>
  <testcase classname="com.saucedemo.tests.InventoryTest" name="testDefaultSortIsNameAtoZ" time="3.647"/>
</testsuite> <!-- com.saucedemo.tests.InventoryTest -->
