<?xml version="1.0" encoding="UTF-8"?>
<!-- Generated by org.testng.reporters.JUnitReportReporter -->
<testsuite hostname="MSI" failures="0" tests="2" name="com.saucedemo.tests.LoginTest" time="6.319" errors="0" timestamp="2026-05-28T17:26:48 IST" skipped="0">
  <testcase classname="com.saucedemo.tests.LoginTest" name="testLockedOutUserSeesError" time="2.551"/>
  <testcase classname="com.saucedemo.tests.LoginTest" name="testValidLoginStandardUser" time="3.768"/>
</testsuite> <!-- com.saucedemo.tests.LoginTest -->
